
> @marek/medication-builder@1.0.0 build /Users/nick/Documents/Med Sig Builder/Med-Sig-Builder/EHR-CRM-System/packages/medication-builder
> tsc

src/builders/SimpleLiquidBuilder.ts(245,11): error TS18046: 'error' is of type 'unknown'.
src/builders/SimpleTabletBuilder.ts(254,11): error TS18046: 'error' is of type 'unknown'.
src/index.ts(12,32): error TS2307: Cannot find module './lib/templates' or its corresponding type declarations.
src/index.ts(13,36): error TS2307: Cannot find module './lib/dispatcher' or its corresponding type declarations.
src/lib/confidence/ConfidenceScoreService.ts(7,32): error TS2307: Cannot find module '../lib/units/types' or its corresponding type declarations.
src/lib/confidence/types.ts(4,32): error TS2307: Cannot find module '../lib/units/types' or its corresponding type declarations.
src/lib/dispatcher/__tests__/performance.benchmark.ts(16,8): error TS2307: Cannot find module '../../lib/strategies/base' or its corresponding type declarations.
src/lib/dispatcher/__tests__/performance.benchmark.ts(20,8): error TS2307: Cannot find module '../../lib/strategies/modifiers' or its corresponding type declarations.
src/lib/dispatcher/__tests__/performance.benchmark.ts(21,42): error TS2307: Cannot find module '../../types/MedicationRequestContext' or its corresponding type declarations.
src/lib/dispatcher/__tests__/performance.benchmark.ts(24,34): error TS2307: Cannot find module '../../lib/strategies/types' or its corresponding type declarations.
src/lib/dispatcher/__tests__/test-helpers.ts(5,35): error TS2307: Cannot find module '../../types/MedicationProfile' or its corresponding type declarations.
src/lib/dispatcher/__tests__/test-helpers.ts(6,42): error TS2307: Cannot find module '../../types/MedicationRequestContext' or its corresponding type declarations.
src/lib/dispatcher/errors.ts(10,42): error TS2307: Cannot find module '../types/MedicationRequestContext' or its corresponding type declarations.
src/lib/dispatcher/errors.ts(11,34): error TS2307: Cannot find module '../lib/strategies/types' or its corresponding type declarations.
src/lib/dispatcher/StrategyDispatcher.ts(11,42): error TS2307: Cannot find module '../types/MedicationRequestContext' or its corresponding type declarations.
src/lib/dispatcher/StrategyDispatcher.ts(12,38): error TS2307: Cannot find module '../types/SignatureInstruction' or its corresponding type declarations.
src/lib/dispatcher/StrategyDispatcher.ts(18,8): error TS2307: Cannot find module '../lib/strategies/types' or its corresponding type declarations.
src/lib/functional/errors.ts(10,27): error TS2307: Cannot find module '../builders/ISignatureBuilder' or its corresponding type declarations.
src/lib/functional/errors.ts(11,33): error TS2307: Cannot find module '../builders/ISignatureBuilder' or its corresponding type declarations.
src/lib/registry/StrategyRegistry.ts(17,8): error TS2307: Cannot find module '../lib/strategies/types' or its corresponding type declarations.
src/lib/registry/StrategyRegistry.ts(18,42): error TS2307: Cannot find module '../types/MedicationRequestContext' or its corresponding type declarations.
src/lib/registry/StrategyRegistry.ts(22,8): error TS2307: Cannot find module '../lib/dispatcher/errors' or its corresponding type declarations.
src/lib/strategies/base/DefaultStrategy.ts(11,42): error TS2307: Cannot find module '../../types/MedicationRequestContext' or its corresponding type declarations.
src/lib/strategies/base/DefaultStrategy.ts(12,38): error TS2307: Cannot find module '../../types/SignatureInstruction' or its corresponding type declarations.
src/lib/strategies/base/DefaultStrategy.ts(14,38): error TS2307: Cannot find module '../../lib/templates/templates' or its corresponding type declarations.
src/lib/strategies/base/DefaultStrategy.ts(15,37): error TS2307: Cannot find module '../../lib/templates/TemplateDataBuilder' or its corresponding type declarations.
src/lib/strategies/base/LiquidStrategy.ts(11,42): error TS2307: Cannot find module '../../types/MedicationRequestContext' or its corresponding type declarations.
src/lib/strategies/base/LiquidStrategy.ts(12,38): error TS2307: Cannot find module '../../types/SignatureInstruction' or its corresponding type declarations.
src/lib/strategies/base/LiquidStrategy.ts(13,38): error TS2307: Cannot find module '../../lib/templates/templates' or its corresponding type declarations.
src/lib/strategies/base/LiquidStrategy.ts(14,37): error TS2307: Cannot find module '../../lib/templates/TemplateDataBuilder' or its corresponding type declarations.
src/lib/strategies/base/LiquidStrategy.ts(100,60): error TS7006: Parameter 'ing' implicitly has an 'any' type.
src/lib/strategies/base/TabletStrategy.ts(11,42): error TS2307: Cannot find module '../../types/MedicationRequestContext' or its corresponding type declarations.
src/lib/strategies/base/TabletStrategy.ts(12,38): error TS2307: Cannot find module '../../types/SignatureInstruction' or its corresponding type declarations.
src/lib/strategies/base/TabletStrategy.ts(13,38): error TS2307: Cannot find module '../../lib/templates/templates' or its corresponding type declarations.
src/lib/strategies/base/TabletStrategy.ts(14,37): error TS2307: Cannot find module '../../lib/templates/TemplateDataBuilder' or its corresponding type declarations.
src/lib/strategies/base/TestosteroneCypionateStrategy.ts(11,42): error TS2307: Cannot find module '../../types/MedicationRequestContext' or its corresponding type declarations.
src/lib/strategies/base/TestosteroneCypionateStrategy.ts(12,38): error TS2307: Cannot find module '../../types/SignatureInstruction' or its corresponding type declarations.
src/lib/strategies/base/TestosteroneCypionateStrategy.ts(13,38): error TS2307: Cannot find module '../../lib/templates/templates' or its corresponding type declarations.
src/lib/strategies/base/TestosteroneCypionateStrategy.ts(14,37): error TS2307: Cannot find module '../../lib/templates/TemplateDataBuilder' or its corresponding type declarations.
src/lib/strategies/days-supply/LiquidDaysSupplyStrategy.ts(172,7): error TS2322: Type 'number' is not assignable to type '0.9'.
src/lib/strategies/days-supply/LiquidDaysSupplyStrategy.ts(320,7): error TS2322: Type 'number' is not assignable to type '0.9'.
src/lib/strategies/days-supply/LiquidDaysSupplyStrategy.ts(327,7): error TS2322: Type 'number' is not assignable to type '0.9'.
src/lib/strategies/days-supply/LiquidDaysSupplyStrategy.ts(333,7): error TS2322: Type 'number' is not assignable to type '0.9'.
src/lib/strategies/days-supply/TabletDaysSupplyStrategy.ts(165,7): error TS2322: Type 'number' is not assignable to type '0.9'.
src/lib/strategies/days-supply/TabletDaysSupplyStrategy.ts(264,7): error TS2322: Type '0.5' is not assignable to type '0.9'.
src/lib/strategies/days-supply/TabletDaysSupplyStrategy.ts(271,7): error TS2322: Type 'number' is not assignable to type '0.9'.
src/lib/strategies/days-supply/TitrationDaysSupplyStrategy.ts(267,7): error TS2345: Argument of type '{ doseForm: string; ingredient?: { strengthRatio?: { numerator: { value: number; unit: string; }; denominator: { value: number; unit: string; }; } | undefined; }[] | undefined; dispenserInfo?: { conversionRatio: number; unit: string; } | undefined; packageInfo?: { ...; } | undefined; } | {}' is not assignable to parameter of type 'MedicationConversionContext'.
  Property 'doseForm' is missing in type '{}' but required in type 'MedicationConversionContext'.
src/lib/strategies/modifiers/StrengthDisplayModifier.ts(11,42): error TS2307: Cannot find module '../../types/MedicationRequestContext' or its corresponding type declarations.
src/lib/strategies/modifiers/StrengthDisplayModifier.ts(12,38): error TS2307: Cannot find module '../../types/SignatureInstruction' or its corresponding type declarations.
src/lib/strategies/modifiers/TopiclickModifier.ts(11,42): error TS2307: Cannot find module '../../types/MedicationRequestContext' or its corresponding type declarations.
src/lib/strategies/modifiers/TopiclickModifier.ts(12,38): error TS2307: Cannot find module '../../types/SignatureInstruction' or its corresponding type declarations.
src/lib/strategies/types.ts(12,42): error TS2307: Cannot find module '../types/MedicationRequestContext' or its corresponding type declarations.
src/lib/strategies/types.ts(13,38): error TS2307: Cannot find module '../types/SignatureInstruction' or its corresponding type declarations.
src/lib/templates/TemplateDataBuilder.ts(2,42): error TS2307: Cannot find module '../types/MedicationRequestContext' or its corresponding type declarations.
src/lib/templates/TemplateEngine.ts(122,53): error TS2345: Argument of type 'unknown' is not assignable to parameter of type 'string'.
src/lib/templates/TemplateEngine.ts(128,53): error TS2345: Argument of type 'unknown' is not assignable to parameter of type 'string'.
src/lib/temporal/FHIRTemporalParser.ts(72,11): error TS2322: Type '{ [key: string]: any; frequency?: number | undefined; period?: number | undefined; periodUnit: string; }' is not assignable to type 'FHIRTimingRepeat'.
  Types of property 'periodUnit' are incompatible.
    Type 'string' is not assignable to type '"d" | "h" | "min" | "mo" | "wk" | "s" | "a" | undefined'.
src/lib/temporal/FHIRTemporalParser.ts(425,68): error TS2345: Argument of type '"d" | "h" | "min" | "mo" | "wk" | "s" | "a" | undefined' is not assignable to parameter of type '"d" | "h" | "min" | "mo" | "wk" | "s" | "a"'.
  Type 'undefined' is not assignable to type '"d" | "h" | "min" | "mo" | "wk" | "s" | "a"'.
src/lib/temporal/FHIRTemporalParser.ts(428,34): error TS18048: 'repeat.frequency' is possibly 'undefined'.
src/lib/temporal/FHIRTemporalParser.ts(428,53): error TS18048: 'repeat.period' is possibly 'undefined'.
src/lib/temporal/FHIRTemporalParser.ts(506,19): error TS2341: Property 'detectTitrationInString' is private and only accessible within class 'FHIRTemporalParser'.
src/lib/units/types.ts(4,35): error TS2307: Cannot find module '../types/MedicationProfile' or its corresponding type declarations.
src/lib/validation/AsyncRouteValidator.ts(11,26): error TS2307: Cannot find module '../../api/routes' or its corresponding type declarations.
src/lib/validation/AsyncRouteValidator.ts(205,31): error TS7006: Parameter 'r' implicitly has an 'any' type.
src/test/data/complex-regimen-cases.ts(23,5): error TS2322: Type '"complex-regimen"' is not assignable to type '"tablet" | "injection" | "topical" | "liquid" | "complex" | "edge-case" | undefined'.
src/test/data/complex-regimen-cases.ts(43,5): error TS2322: Type '"complex-regimen"' is not assignable to type '"tablet" | "injection" | "topical" | "liquid" | "complex" | "edge-case" | undefined'.
src/test/data/complex-regimen-cases.ts(45,55): error TS2339: Property 'tripleTopical' does not exist on type '{ combinationHormone: Medication; combinationTablet: Medication; }'.
src/test/data/complex-regimen-cases.ts(64,5): error TS2322: Type '"complex-regimen"' is not assignable to type '"tablet" | "injection" | "topical" | "liquid" | "complex" | "edge-case" | undefined'.
src/test/data/complex-regimen-cases.ts(84,5): error TS2322: Type '"complex-regimen"' is not assignable to type '"tablet" | "injection" | "topical" | "liquid" | "complex" | "edge-case" | undefined'.
src/test/data/complex-regimen-cases.ts(86,55): error TS2339: Property 'injectableCompound' does not exist on type '{ combinationHormone: Medication; combinationTablet: Medication; }'.
src/test/data/complex-regimen-cases.ts(105,5): error TS2322: Type '"complex-regimen"' is not assignable to type '"tablet" | "injection" | "topical" | "liquid" | "complex" | "edge-case" | undefined'.
src/test/data/complex-regimen-cases.ts(107,55): error TS2339: Property 'sublingualCompound' does not exist on type '{ combinationHormone: Medication; combinationTablet: Medication; }'.
src/test/data/complex-regimen-cases.ts(127,5): error TS2322: Type '"complex-regimen"' is not assignable to type '"tablet" | "injection" | "topical" | "liquid" | "complex" | "edge-case" | undefined'.
src/test/data/complex-regimen-cases.ts(129,55): error TS2339: Property 'variableRatio' does not exist on type '{ combinationHormone: Medication; combinationTablet: Medication; }'.
src/test/data/complex-regimen-cases.ts(147,5): error TS2322: Type '"complex-regimen"' is not assignable to type '"tablet" | "injection" | "topical" | "liquid" | "complex" | "edge-case" | undefined'.
src/test/data/complex-regimen-cases.ts(149,55): error TS2339: Property 'highConcentration' does not exist on type '{ combinationHormone: Medication; combinationTablet: Medication; }'.
src/test/data/complex-regimen-cases.ts(168,5): error TS2322: Type '"complex-regimen"' is not assignable to type '"tablet" | "injection" | "topical" | "liquid" | "complex" | "edge-case" | undefined'.
src/test/data/complex-regimen-cases.ts(170,55): error TS2339: Property 'microDose' does not exist on type '{ combinationHormone: Medication; combinationTablet: Medication; }'.
src/test/data/complex-regimen-cases.ts(188,5): error TS2322: Type '"complex-regimen"' is not assignable to type '"tablet" | "injection" | "topical" | "liquid" | "complex" | "edge-case" | undefined'.
src/test/data/complex-regimen-cases.ts(190,55): error TS2339: Property 'percentageBased' does not exist on type '{ combinationHormone: Medication; combinationTablet: Medication; }'.
src/test/data/complex-regimen-cases.ts(208,5): error TS2322: Type '"complex-regimen"' is not assignable to type '"tablet" | "injection" | "topical" | "liquid" | "complex" | "edge-case" | undefined'.
src/test/data/complex-regimen-cases.ts(210,55): error TS2339: Property 'unitConversion' does not exist on type '{ combinationHormone: Medication; combinationTablet: Medication; }'.
src/test/data/complex-regimen-cases.ts(229,5): error TS2322: Type '"complex-regimen"' is not assignable to type '"tablet" | "injection" | "topical" | "liquid" | "complex" | "edge-case" | undefined'.
src/test/data/complex-regimen-cases.ts(231,55): error TS2339: Property 'largeVolume' does not exist on type '{ combinationHormone: Medication; combinationTablet: Medication; }'.
src/test/data/complex-regimen-cases.ts(250,5): error TS2322: Type '"complex-regimen"' is not assignable to type '"tablet" | "injection" | "topical" | "liquid" | "complex" | "edge-case" | undefined'.
src/test/data/complex-regimen-cases.ts(252,55): error TS2339: Property 'microVolume' does not exist on type '{ combinationHormone: Medication; combinationTablet: Medication; }'.
src/test/data/complex-regimen-cases.ts(270,5): error TS2322: Type '"complex-regimen"' is not assignable to type '"tablet" | "injection" | "topical" | "liquid" | "complex" | "edge-case" | undefined'.
src/test/data/complex-regimen-cases.ts(272,55): error TS2339: Property 'splitVolume' does not exist on type '{ combinationHormone: Medication; combinationTablet: Medication; }'.
src/test/data/complex-regimen-cases.ts(291,5): error TS2322: Type '"complex-regimen"' is not assignable to type '"tablet" | "injection" | "topical" | "liquid" | "complex" | "edge-case" | undefined'.
src/test/data/complex-regimen-cases.ts(293,55): error TS2339: Property 'graduatedVolume' does not exist on type '{ combinationHormone: Medication; combinationTablet: Medication; }'.
src/test/data/complex-regimen-cases.ts(312,5): error TS2322: Type '"complex-regimen"' is not assignable to type '"tablet" | "injection" | "topical" | "liquid" | "complex" | "edge-case" | undefined'.
src/test/data/complex-regimen-cases.ts(314,55): error TS2339: Property 'variableConcentration' does not exist on type '{ combinationHormone: Medication; combinationTablet: Medication; }'.
src/test/data/complex-regimen-cases.ts(339,5): error TS2322: Type '"complex-regimen"' is not assignable to type '"tablet" | "injection" | "topical" | "liquid" | "complex" | "edge-case" | undefined'.
src/test/data/complex-regimen-cases.ts(341,47): error TS2339: Property 'ibuprofen200' does not exist on type '{ metformin500: Medication; lisinopril10: Medication; levothyroxine25: Medication; omeprazole20: Medication; }'.
src/test/data/complex-regimen-cases.ts(342,7): error TS2353: Object literal may only specify known properties, and 'doseRange' does not exist in type '{ medication: any; dose: any; route: string; frequency: string; specialInstructions?: string | undefined; }'.
src/test/data/complex-regimen-cases.ts(361,5): error TS2322: Type '"complex-regimen"' is not assignable to type '"tablet" | "injection" | "topical" | "liquid" | "complex" | "edge-case" | undefined'.
src/test/data/complex-regimen-cases.ts(363,47): error TS2339: Property 'acetaminophen500' does not exist on type '{ metformin500: Medication; lisinopril10: Medication; levothyroxine25: Medication; omeprazole20: Medication; }'.
src/test/data/complex-regimen-cases.ts(364,7): error TS2353: Object literal may only specify known properties, and 'doseRange' does not exist in type '{ medication: any; dose: any; route: string; frequency: string; specialInstructions?: string | undefined; }'.
src/test/data/complex-regimen-cases.ts(383,5): error TS2322: Type '"complex-regimen"' is not assignable to type '"tablet" | "injection" | "topical" | "liquid" | "complex" | "edge-case" | undefined'.
src/test/data/complex-regimen-cases.ts(385,47): error TS2339: Property 'lorazepam1mg' does not exist on type '{ metformin500: Medication; lisinopril10: Medication; levothyroxine25: Medication; omeprazole20: Medication; }'.
src/test/data/complex-regimen-cases.ts(386,7): error TS2353: Object literal may only specify known properties, and 'doseRange' does not exist in type '{ medication: any; dose: any; route: string; frequency: string; specialInstructions?: string | undefined; }'.
src/test/data/complex-regimen-cases.ts(405,5): error TS2322: Type '"complex-regimen"' is not assignable to type '"tablet" | "injection" | "topical" | "liquid" | "complex" | "edge-case" | undefined'.
src/test/data/complex-regimen-cases.ts(407,47): error TS2339: Property 'morphine15mg' does not exist on type '{ metformin500: Medication; lisinopril10: Medication; levothyroxine25: Medication; omeprazole20: Medication; }'.
src/test/data/complex-regimen-cases.ts(408,7): error TS2353: Object literal may only specify known properties, and 'doseRange' does not exist in type '{ medication: any; dose: any; route: string; frequency: string; specialInstructions?: string | undefined; }'.
src/test/data/complex-regimen-cases.ts(427,5): error TS2322: Type '"complex-regimen"' is not assignable to type '"tablet" | "injection" | "topical" | "liquid" | "complex" | "edge-case" | undefined'.
src/test/data/complex-regimen-cases.ts(429,47): error TS2339: Property 'diphenhydramineElixir' does not exist on type '{ amoxicillinSuspension: Medication; acetaminophenSolution: Medication; insulin: Medication; }'.
src/test/data/complex-regimen-cases.ts(430,7): error TS2353: Object literal may only specify known properties, and 'doseRange' does not exist in type '{ medication: any; dose: any; route: string; frequency: string; specialInstructions?: string | undefined; }'.
src/test/data/complex-regimen-cases.ts(450,5): error TS2322: Type '"complex-regimen"' is not assignable to type '"tablet" | "injection" | "topical" | "liquid" | "complex" | "edge-case" | undefined'.
src/test/data/complex-regimen-cases.ts(452,47): error TS2339: Property 'ibuprofen200' does not exist on type '{ metformin500: Medication; lisinopril10: Medication; levothyroxine25: Medication; omeprazole20: Medication; }'.
src/test/data/complex-regimen-cases.ts(455,7): error TS2353: Object literal may only specify known properties, and 'frequencyRange' does not exist in type '{ medication: any; dose: any; route: string; frequency: string; specialInstructions?: string | undefined; }'.
src/test/data/complex-regimen-cases.ts(472,5): error TS2322: Type '"complex-regimen"' is not assignable to type '"tablet" | "injection" | "topical" | "liquid" | "complex" | "edge-case" | undefined'.
src/test/data/complex-regimen-cases.ts(474,47): error TS2339: Property 'lorazepam1mg' does not exist on type '{ metformin500: Medication; lisinopril10: Medication; levothyroxine25: Medication; omeprazole20: Medication; }'.
src/test/data/complex-regimen-cases.ts(477,7): error TS2353: Object literal may only specify known properties, and 'frequencyRange' does not exist in type '{ medication: any; dose: any; route: string; frequency: string; specialInstructions?: string | undefined; }'.
src/test/data/complex-regimen-cases.ts(494,5): error TS2322: Type '"complex-regimen"' is not assignable to type '"tablet" | "injection" | "topical" | "liquid" | "complex" | "edge-case" | undefined'.
src/test/data/complex-regimen-cases.ts(499,7): error TS2353: Object literal may only specify known properties, and 'frequencyRange' does not exist in type '{ medication: any; dose: any; route: string; frequency: string; specialInstructions?: string | undefined; }'.
src/test/data/complex-regimen-cases.ts(516,5): error TS2322: Type '"complex-regimen"' is not assignable to type '"tablet" | "injection" | "topical" | "liquid" | "complex" | "edge-case" | undefined'.
src/test/data/complex-regimen-cases.ts(518,47): error TS2339: Property 'nitroglycerin' does not exist on type '{ metformin500: Medication; lisinopril10: Medication; levothyroxine25: Medication; omeprazole20: Medication; }'.
src/test/data/complex-regimen-cases.ts(521,7): error TS2353: Object literal may only specify known properties, and 'frequencyRange' does not exist in type '{ medication: any; dose: any; route: string; frequency: string; specialInstructions?: string | undefined; }'.
src/test/data/complex-regimen-cases.ts(538,5): error TS2322: Type '"complex-regimen"' is not assignable to type '"tablet" | "injection" | "topical" | "liquid" | "complex" | "edge-case" | undefined'.
src/test/data/complex-regimen-cases.ts(540,47): error TS2339: Property 'sumatriptan100mg' does not exist on type '{ metformin500: Medication; lisinopril10: Medication; levothyroxine25: Medication; omeprazole20: Medication; }'.
src/test/data/complex-regimen-cases.ts(543,7): error TS2353: Object literal may only specify known properties, and 'frequencyRange' does not exist in type '{ medication: any; dose: any; route: string; frequency: string; specialInstructions?: string | undefined; }'.
src/test/data/complex-regimen-cases.ts(561,5): error TS2322: Type '"complex-regimen"' is not assignable to type '"tablet" | "injection" | "topical" | "liquid" | "complex" | "edge-case" | undefined'.
src/test/data/complex-regimen-cases.ts(563,47): error TS2339: Property 'ibuprofen200' does not exist on type '{ metformin500: Medication; lisinopril10: Medication; levothyroxine25: Medication; omeprazole20: Medication; }'.
src/test/data/complex-regimen-cases.ts(564,7): error TS2353: Object literal may only specify known properties, and 'doseRange' does not exist in type '{ medication: any; dose: any; route: string; frequency: string; specialInstructions?: string | undefined; }'.
src/test/data/complex-regimen-cases.ts(583,5): error TS2322: Type '"complex-regimen"' is not assignable to type '"tablet" | "injection" | "topical" | "liquid" | "complex" | "edge-case" | undefined'.
src/test/data/complex-regimen-cases.ts(585,47): error TS2339: Property 'oxycodone5mg' does not exist on type '{ metformin500: Medication; lisinopril10: Medication; levothyroxine25: Medication; omeprazole20: Medication; }'.
src/test/data/complex-regimen-cases.ts(586,7): error TS2353: Object literal may only specify known properties, and 'doseRange' does not exist in type '{ medication: any; dose: any; route: string; frequency: string; specialInstructions?: string | undefined; }'.
src/test/data/complex-regimen-cases.ts(606,5): error TS2322: Type '"complex-regimen"' is not assignable to type '"tablet" | "injection" | "topical" | "liquid" | "complex" | "edge-case" | undefined'.
src/test/data/complex-regimen-cases.ts(609,7): error TS2353: Object literal may only specify known properties, and 'doseRange' does not exist in type '{ medication: any; dose: any; route: string; frequency: string; specialInstructions?: string | undefined; }'.
src/test/data/complex-regimen-cases.ts(628,5): error TS2322: Type '"complex-regimen"' is not assignable to type '"tablet" | "injection" | "topical" | "liquid" | "complex" | "edge-case" | undefined'.
src/test/data/complex-regimen-cases.ts(630,47): error TS2339: Property 'morphine15mg' does not exist on type '{ metformin500: Medication; lisinopril10: Medication; levothyroxine25: Medication; omeprazole20: Medication; }'.
src/test/data/complex-regimen-cases.ts(631,7): error TS2353: Object literal may only specify known properties, and 'doseRange' does not exist in type '{ medication: any; dose: any; route: string; frequency: string; specialInstructions?: string | undefined; }'.
src/test/data/complex-regimen-cases.ts(650,5): error TS2322: Type '"complex-regimen"' is not assignable to type '"tablet" | "injection" | "topical" | "liquid" | "complex" | "edge-case" | undefined'.
src/test/data/complex-regimen-cases.ts(652,47): error TS2339: Property 'epinephrineAutoInjector' does not exist on type '{ metformin500: Medication; lisinopril10: Medication; levothyroxine25: Medication; omeprazole20: Medication; }'.
src/test/data/complex-regimen-cases.ts(653,7): error TS2353: Object literal may only specify known properties, and 'doseRange' does not exist in type '{ medication: any; dose: any; route: string; frequency: string; specialInstructions?: string | undefined; }'.
src/test/data/complex-regimen-cases.ts(679,5): error TS2322: Type '"complex-regimen"' is not assignable to type '"tablet" | "injection" | "topical" | "liquid" | "complex" | "edge-case" | undefined'.
src/test/data/complex-regimen-cases.ts(681,47): error TS2339: Property 'prednisone10mg' does not exist on type '{ metformin500: Medication; lisinopril10: Medication; levothyroxine25: Medication; omeprazole20: Medication; }'.
src/test/data/complex-regimen-cases.ts(682,7): error TS2353: Object literal may only specify known properties, and 'taperingSchedule' does not exist in type '{ medication: any; dose: any; route: string; frequency: string; specialInstructions?: string | undefined; }'.
src/test/data/complex-regimen-cases.ts(704,5): error TS2322: Type '"complex-regimen"' is not assignable to type '"tablet" | "injection" | "topical" | "liquid" | "complex" | "edge-case" | undefined'.
src/test/data/complex-regimen-cases.ts(706,47): error TS2339: Property 'lorazepam1mg' does not exist on type '{ metformin500: Medication; lisinopril10: Medication; levothyroxine25: Medication; omeprazole20: Medication; }'.
src/test/data/complex-regimen-cases.ts(707,7): error TS2353: Object literal may only specify known properties, and 'taperingSchedule' does not exist in type '{ medication: any; dose: any; route: string; frequency: string; specialInstructions?: string | undefined; }'.
src/test/data/complex-regimen-cases.ts(729,5): error TS2322: Type '"complex-regimen"' is not assignable to type '"tablet" | "injection" | "topical" | "liquid" | "complex" | "edge-case" | undefined'.
src/test/data/complex-regimen-cases.ts(731,47): error TS2339: Property 'sertraline50mg' does not exist on type '{ metformin500: Medication; lisinopril10: Medication; levothyroxine25: Medication; omeprazole20: Medication; }'.
src/test/data/complex-regimen-cases.ts(732,7): error TS2353: Object literal may only specify known properties, and 'taperingSchedule' does not exist in type '{ medication: any; dose: any; route: string; frequency: string; specialInstructions?: string | undefined; }'.
src/test/data/complex-regimen-cases.ts(753,5): error TS2322: Type '"complex-regimen"' is not assignable to type '"tablet" | "injection" | "topical" | "liquid" | "complex" | "edge-case" | undefined'.
src/test/data/complex-regimen-cases.ts(755,47): error TS2339: Property 'morphine15mg' does not exist on type '{ metformin500: Medication; lisinopril10: Medication; levothyroxine25: Medication; omeprazole20: Medication; }'.
src/test/data/complex-regimen-cases.ts(756,7): error TS2353: Object literal may only specify known properties, and 'taperingSchedule' does not exist in type '{ medication: any; dose: any; route: string; frequency: string; specialInstructions?: string | undefined; }'.
src/test/data/complex-regimen-cases.ts(778,5): error TS2322: Type '"complex-regimen"' is not assignable to type '"tablet" | "injection" | "topical" | "liquid" | "complex" | "edge-case" | undefined'.
src/test/data/complex-regimen-cases.ts(780,47): error TS2339: Property 'chlordiazepoxide25mg' does not exist on type '{ metformin500: Medication; lisinopril10: Medication; levothyroxine25: Medication; omeprazole20: Medication; }'.
src/test/data/complex-regimen-cases.ts(781,7): error TS2353: Object literal may only specify known properties, and 'taperingSchedule' does not exist in type '{ medication: any; dose: any; route: string; frequency: string; specialInstructions?: string | undefined; }'.
src/test/data/complex-regimen-cases.ts(804,5): error TS2322: Type '"complex-regimen"' is not assignable to type '"tablet" | "injection" | "topical" | "liquid" | "complex" | "edge-case" | undefined'.
src/test/data/complex-regimen-cases.ts(806,47): error TS2339: Property 'prednisone10mg' does not exist on type '{ metformin500: Medication; lisinopril10: Medication; levothyroxine25: Medication; omeprazole20: Medication; }'.
src/test/data/complex-regimen-cases.ts(807,7): error TS2353: Object literal may only specify known properties, and 'taperingSchedule' does not exist in type '{ medication: any; dose: any; route: string; frequency: string; specialInstructions?: string | undefined; }'.
src/test/data/complex-regimen-cases.ts(829,5): error TS2322: Type '"complex-regimen"' is not assignable to type '"tablet" | "injection" | "topical" | "liquid" | "complex" | "edge-case" | undefined'.
src/test/data/complex-regimen-cases.ts(831,47): error TS2339: Property 'methadone10mg' does not exist on type '{ metformin500: Medication; lisinopril10: Medication; levothyroxine25: Medication; omeprazole20: Medication; }'.
src/test/data/complex-regimen-cases.ts(832,7): error TS2353: Object literal may only specify known properties, and 'taperingSchedule' does not exist in type '{ medication: any; dose: any; route: string; frequency: string; specialInstructions?: string | undefined; }'.
src/test/data/complex-regimen-cases.ts(854,5): error TS2322: Type '"complex-regimen"' is not assignable to type '"tablet" | "injection" | "topical" | "liquid" | "complex" | "edge-case" | undefined'.
src/test/data/complex-regimen-cases.ts(856,47): error TS2339: Property 'methylprednisolone4mg' does not exist on type '{ metformin500: Medication; lisinopril10: Medication; levothyroxine25: Medication; omeprazole20: Medication; }'.
src/test/data/complex-regimen-cases.ts(857,7): error TS2353: Object literal may only specify known properties, and 'taperingSchedule' does not exist in type '{ medication: any; dose: any; route: string; frequency: string; specialInstructions?: string | undefined; }'.
src/test/data/complex-regimen-cases.ts(879,5): error TS2322: Type '"complex-regimen"' is not assignable to type '"tablet" | "injection" | "topical" | "liquid" | "complex" | "edge-case" | undefined'.
src/test/data/complex-regimen-cases.ts(881,47): error TS2339: Property 'gabapentin300mg' does not exist on type '{ metformin500: Medication; lisinopril10: Medication; levothyroxine25: Medication; omeprazole20: Medication; }'.
src/test/data/complex-regimen-cases.ts(882,7): error TS2353: Object literal may only specify known properties, and 'taperingSchedule' does not exist in type '{ medication: any; dose: any; route: string; frequency: string; specialInstructions?: string | undefined; }'.
src/test/data/complex-regimen-cases.ts(903,5): error TS2322: Type '"complex-regimen"' is not assignable to type '"tablet" | "injection" | "topical" | "liquid" | "complex" | "edge-case" | undefined'.
src/test/data/complex-regimen-cases.ts(905,47): error TS2339: Property 'tramadol50mg' does not exist on type '{ metformin500: Medication; lisinopril10: Medication; levothyroxine25: Medication; omeprazole20: Medication; }'.
src/test/data/complex-regimen-cases.ts(906,7): error TS2353: Object literal may only specify known properties, and 'taperingSchedule' does not exist in type '{ medication: any; dose: any; route: string; frequency: string; specialInstructions?: string | undefined; }'.
src/test/data/complex-regimen-cases.ts(928,5): error TS2322: Type '"complex-regimen"' is not assignable to type '"tablet" | "injection" | "topical" | "liquid" | "complex" | "edge-case" | undefined'.
src/test/data/complex-regimen-cases.ts(930,47): error TS2339: Property 'prednisone10mg' does not exist on type '{ metformin500: Medication; lisinopril10: Medication; levothyroxine25: Medication; omeprazole20: Medication; }'.
src/test/data/complex-regimen-cases.ts(931,7): error TS2353: Object literal may only specify known properties, and 'taperingSchedule' does not exist in type '{ medication: any; dose: any; route: string; frequency: string; specialInstructions?: string | undefined; }'.
src/test/data/complex-regimen-cases.ts(954,5): error TS2322: Type '"complex-regimen"' is not assignable to type '"tablet" | "injection" | "topical" | "liquid" | "complex" | "edge-case" | undefined'.
src/test/data/complex-regimen-cases.ts(956,47): error TS2339: Property 'phenytoin100mg' does not exist on type '{ metformin500: Medication; lisinopril10: Medication; levothyroxine25: Medication; omeprazole20: Medication; }'.
src/test/data/complex-regimen-cases.ts(957,7): error TS2353: Object literal may only specify known properties, and 'taperingSchedule' does not exist in type '{ medication: any; dose: any; route: string; frequency: string; specialInstructions?: string | undefined; }'.
src/test/data/complex-regimen-cases.ts(978,5): error TS2322: Type '"complex-regimen"' is not assignable to type '"tablet" | "injection" | "topical" | "liquid" | "complex" | "edge-case" | undefined'.
src/test/data/complex-regimen-cases.ts(980,47): error TS2339: Property 'lorazepam1mg' does not exist on type '{ metformin500: Medication; lisinopril10: Medication; levothyroxine25: Medication; omeprazole20: Medication; }'.
src/test/data/complex-regimen-cases.ts(981,7): error TS2353: Object literal may only specify known properties, and 'taperingSchedule' does not exist in type '{ medication: any; dose: any; route: string; frequency: string; specialInstructions?: string | undefined; }'.
src/test/data/complex-regimen-cases.ts(1003,5): error TS2322: Type '"complex-regimen"' is not assignable to type '"tablet" | "injection" | "topical" | "liquid" | "complex" | "edge-case" | undefined'.
src/test/data/complex-regimen-cases.ts(1005,47): error TS2339: Property 'lithiumCarbonate300mg' does not exist on type '{ metformin500: Medication; lisinopril10: Medication; levothyroxine25: Medication; omeprazole20: Medication; }'.
src/test/data/complex-regimen-cases.ts(1006,7): error TS2353: Object literal may only specify known properties, and 'taperingSchedule' does not exist in type '{ medication: any; dose: any; route: string; frequency: string; specialInstructions?: string | undefined; }'.
src/test/data/complex-regimen-cases.ts(1027,5): error TS2322: Type '"complex-regimen"' is not assignable to type '"tablet" | "injection" | "topical" | "liquid" | "complex" | "edge-case" | undefined'.
src/test/data/complex-regimen-cases.ts(1029,47): error TS2339: Property 'methylphenidate10mg' does not exist on type '{ metformin500: Medication; lisinopril10: Medication; levothyroxine25: Medication; omeprazole20: Medication; }'.
src/test/data/complex-regimen-cases.ts(1030,7): error TS2353: Object literal may only specify known properties, and 'taperingSchedule' does not exist in type '{ medication: any; dose: any; route: string; frequency: string; specialInstructions?: string | undefined; }'.
src/test/data/edge-cases.ts(511,47): error TS2339: Property 'ibuprofen200' does not exist on type '{ metformin500: Medication; lisinopril10: Medication; levothyroxine25: Medication; omeprazole20: Medication; }'.
src/test/data/edge-cases.ts(512,7): error TS2353: Object literal may only specify known properties, and 'doseRange' does not exist in type '{ medication: any; dose: any; route: string; frequency: string; specialInstructions?: string | undefined; }'.
src/test/data/edge-cases.ts(527,47): error TS2339: Property 'ibuprofen200' does not exist on type '{ metformin500: Medication; lisinopril10: Medication; levothyroxine25: Medication; omeprazole20: Medication; }'.
src/test/data/edge-cases.ts(528,7): error TS2353: Object literal may only specify known properties, and 'doseRange' does not exist in type '{ medication: any; dose: any; route: string; frequency: string; specialInstructions?: string | undefined; }'.
src/test/data/edge-cases.ts(543,47): error TS2339: Property 'ibuprofen200' does not exist on type '{ metformin500: Medication; lisinopril10: Medication; levothyroxine25: Medication; omeprazole20: Medication; }'.
src/test/data/edge-cases.ts(544,7): error TS2353: Object literal may only specify known properties, and 'doseRange' does not exist in type '{ medication: any; dose: any; route: string; frequency: string; specialInstructions?: string | undefined; }'.
src/test/data/edge-cases.ts(560,47): error TS2339: Property 'ibuprofen200' does not exist on type '{ metformin500: Medication; lisinopril10: Medication; levothyroxine25: Medication; omeprazole20: Medication; }'.
src/test/data/edge-cases.ts(563,7): error TS2353: Object literal may only specify known properties, and 'frequencyRange' does not exist in type '{ medication: any; dose: any; route: string; frequency: string; specialInstructions?: string | undefined; }'.
src/test/data/edge-cases.ts(576,47): error TS2339: Property 'ibuprofen200' does not exist on type '{ metformin500: Medication; lisinopril10: Medication; levothyroxine25: Medication; omeprazole20: Medication; }'.
src/test/data/edge-cases.ts(577,7): error TS2353: Object literal may only specify known properties, and 'doseRange' does not exist in type '{ medication: any; dose: any; route: string; frequency: string; specialInstructions?: string | undefined; }'.
src/test/data/edge-cases.ts(592,47): error TS2339: Property 'ibuprofen200' does not exist on type '{ metformin500: Medication; lisinopril10: Medication; levothyroxine25: Medication; omeprazole20: Medication; }'.
src/test/data/edge-cases.ts(593,7): error TS2353: Object literal may only specify known properties, and 'doseRange' does not exist in type '{ medication: any; dose: any; route: string; frequency: string; specialInstructions?: string | undefined; }'.
src/test/data/edge-cases.ts(609,47): error TS2339: Property 'nitroglycerin' does not exist on type '{ metformin500: Medication; lisinopril10: Medication; levothyroxine25: Medication; omeprazole20: Medication; }'.
src/test/data/edge-cases.ts(612,7): error TS2353: Object literal may only specify known properties, and 'frequencyRange' does not exist in type '{ medication: any; dose: any; route: string; frequency: string; specialInstructions?: string | undefined; }'.
src/test/data/edge-cases.ts(626,47): error TS2339: Property 'lorazepam1mg' does not exist on type '{ metformin500: Medication; lisinopril10: Medication; levothyroxine25: Medication; omeprazole20: Medication; }'.
src/test/data/edge-cases.ts(627,7): error TS2353: Object literal may only specify known properties, and 'doseRange' does not exist in type '{ medication: any; dose: any; route: string; frequency: string; specialInstructions?: string | undefined; }'.
src/test/data/edge-cases.ts(643,47): error TS2339: Property 'oxycodone5mg' does not exist on type '{ metformin500: Medication; lisinopril10: Medication; levothyroxine25: Medication; omeprazole20: Medication; }'.
src/test/data/edge-cases.ts(644,7): error TS2353: Object literal may only specify known properties, and 'doseRange' does not exist in type '{ medication: any; dose: any; route: string; frequency: string; specialInstructions?: string | undefined; }'.
src/test/data/edge-cases.ts(661,47): error TS2339: Property 'ibuprofen200' does not exist on type '{ metformin500: Medication; lisinopril10: Medication; levothyroxine25: Medication; omeprazole20: Medication; }'.
src/test/data/edge-cases.ts(662,7): error TS2353: Object literal may only specify known properties, and 'doseRange' does not exist in type '{ medication: any; dose: any; route: string; frequency: string; specialInstructions?: string | undefined; }'.
src/test/data/edge-cases.ts(678,55): error TS2339: Property 'singleIngredient' does not exist on type '{ combinationHormone: Medication; combinationTablet: Medication; }'.
src/test/data/edge-cases.ts(694,55): error TS2339: Property 'zeroConcentration' does not exist on type '{ combinationHormone: Medication; combinationTablet: Medication; }'.
src/test/data/edge-cases.ts(710,55): error TS2339: Property 'mismatchedUnits' does not exist on type '{ combinationHormone: Medication; combinationTablet: Medication; }'.
src/test/data/edge-cases.ts(726,55): error TS2339: Property 'manyIngredients' does not exist on type '{ combinationHormone: Medication; combinationTablet: Medication; }'.
src/test/data/edge-cases.ts(742,55): error TS2339: Property 'largeAmounts' does not exist on type '{ combinationHormone: Medication; combinationTablet: Medication; }'.
src/test/data/edge-cases.ts(758,55): error TS2339: Property 'microAmounts' does not exist on type '{ combinationHormone: Medication; combinationTablet: Medication; }'.
src/test/data/edge-cases.ts(790,55): error TS2339: Property 'liquidCompound' does not exist on type '{ combinationHormone: Medication; combinationTablet: Medication; }'.
src/test/data/edge-cases.ts(806,55): error TS2339: Property 'duplicateNames' does not exist on type '{ combinationHormone: Medication; combinationTablet: Medication; }'.
src/test/data/edge-cases.ts(822,55): error TS2339: Property 'specialCharacters' does not exist on type '{ combinationHormone: Medication; combinationTablet: Medication; }'.
src/test/data/edge-cases.ts(839,47): error TS2339: Property 'prednisone10mg' does not exist on type '{ metformin500: Medication; lisinopril10: Medication; levothyroxine25: Medication; omeprazole20: Medication; }'.
src/test/data/edge-cases.ts(840,7): error TS2353: Object literal may only specify known properties, and 'taperingSchedule' does not exist in type '{ medication: any; dose: any; route: string; frequency: string; specialInstructions?: string | undefined; }'.
src/test/data/edge-cases.ts(856,47): error TS2339: Property 'prednisone10mg' does not exist on type '{ metformin500: Medication; lisinopril10: Medication; levothyroxine25: Medication; omeprazole20: Medication; }'.
src/test/data/edge-cases.ts(857,7): error TS2353: Object literal may only specify known properties, and 'taperingSchedule' does not exist in type '{ medication: any; dose: any; route: string; frequency: string; specialInstructions?: string | undefined; }'.
src/test/data/edge-cases.ts(874,47): error TS2339: Property 'prednisone10mg' does not exist on type '{ metformin500: Medication; lisinopril10: Medication; levothyroxine25: Medication; omeprazole20: Medication; }'.
src/test/data/edge-cases.ts(875,7): error TS2353: Object literal may only specify known properties, and 'taperingSchedule' does not exist in type '{ medication: any; dose: any; route: string; frequency: string; specialInstructions?: string | undefined; }'.
src/test/data/edge-cases.ts(892,47): error TS2339: Property 'prednisone10mg' does not exist on type '{ metformin500: Medication; lisinopril10: Medication; levothyroxine25: Medication; omeprazole20: Medication; }'.
src/test/data/edge-cases.ts(893,7): error TS2353: Object literal may only specify known properties, and 'taperingSchedule' does not exist in type '{ medication: any; dose: any; route: string; frequency: string; specialInstructions?: string | undefined; }'.
src/test/data/edge-cases.ts(911,47): error TS2339: Property 'methadone10mg' does not exist on type '{ metformin500: Medication; lisinopril10: Medication; levothyroxine25: Medication; omeprazole20: Medication; }'.
src/test/data/edge-cases.ts(912,7): error TS2353: Object literal may only specify known properties, and 'taperingSchedule' does not exist in type '{ medication: any; dose: any; route: string; frequency: string; specialInstructions?: string | undefined; }'.
src/test/data/edge-cases.ts(930,47): error TS2339: Property 'lorazepam1mg' does not exist on type '{ metformin500: Medication; lisinopril10: Medication; levothyroxine25: Medication; omeprazole20: Medication; }'.
src/test/data/edge-cases.ts(931,7): error TS2353: Object literal may only specify known properties, and 'taperingSchedule' does not exist in type '{ medication: any; dose: any; route: string; frequency: string; specialInstructions?: string | undefined; }'.
src/test/data/edge-cases.ts(950,47): error TS2339: Property 'gabapentin300mg' does not exist on type '{ metformin500: Medication; lisinopril10: Medication; levothyroxine25: Medication; omeprazole20: Medication; }'.
src/test/data/edge-cases.ts(951,7): error TS2353: Object literal may only specify known properties, and 'taperingSchedule' does not exist in type '{ medication: any; dose: any; route: string; frequency: string; specialInstructions?: string | undefined; }'.
src/test/data/edge-cases.ts(969,47): error TS2339: Property 'prednisone10mg' does not exist on type '{ metformin500: Medication; lisinopril10: Medication; levothyroxine25: Medication; omeprazole20: Medication; }'.
src/test/data/edge-cases.ts(970,7): error TS2353: Object literal may only specify known properties, and 'taperingSchedule' does not exist in type '{ medication: any; dose: any; route: string; frequency: string; specialInstructions?: string | undefined; }'.
src/test/data/edge-cases.ts(988,47): error TS2339: Property 'sertraline50mg' does not exist on type '{ metformin500: Medication; lisinopril10: Medication; levothyroxine25: Medication; omeprazole20: Medication; }'.
src/test/data/edge-cases.ts(989,7): error TS2353: Object literal may only specify known properties, and 'taperingSchedule' does not exist in type '{ medication: any; dose: any; route: string; frequency: string; specialInstructions?: string | undefined; }'.
src/test/data/edge-cases.ts(1007,47): error TS2339: Property 'phenytoin100mg' does not exist on type '{ metformin500: Medication; lisinopril10: Medication; levothyroxine25: Medication; omeprazole20: Medication; }'.
src/test/data/edge-cases.ts(1008,7): error TS2353: Object literal may only specify known properties, and 'taperingSchedule' does not exist in type '{ medication: any; dose: any; route: string; frequency: string; specialInstructions?: string | undefined; }'.
src/test/data/edge-cases.ts(1026,5): error TS2741: Property 'dose' is missing in type '{ medication: Medication; route: string; frequency: string; }' but required in type '{ medication: any; dose: any; route: string; frequency: string; specialInstructions?: string | undefined; }'.
src/test/data/edge-cases.ts(1041,5): error TS2741: Property 'route' is missing in type '{ medication: Medication; dose: { value: number; unit: string; }; frequency: string; }' but required in type '{ medication: any; dose: any; route: string; frequency: string; specialInstructions?: string | undefined; }'.
src/test/data/edge-cases.ts(1056,5): error TS2741: Property 'frequency' is missing in type '{ medication: Medication; dose: { value: number; unit: string; }; route: string; }' but required in type '{ medication: any; dose: any; route: string; frequency: string; specialInstructions?: string | undefined; }'.
src/test/data/edge-cases.ts(1104,49): error TS2339: Property 'emptyName' does not exist on type '{ highDoseVitamin: Medication; lowDosePediatric: Medication; }'.
src/test/data/edge-cases.ts(1220,7): error TS2322: Type '{ invalid: string; }' is not assignable to type 'string'.
src/test/data/edge-cases.ts(1233,49): error TS2339: Property 'veryLongName' does not exist on type '{ highDoseVitamin: Medication; lowDosePediatric: Medication; }'.
src/test/data/edge-cases.ts(1249,49): error TS2339: Property 'unicodeCharacters' does not exist on type '{ highDoseVitamin: Medication; lowDosePediatric: Medication; }'.
src/test/data/edge-cases.ts(1313,49): error TS2339: Property 'circularReference' does not exist on type '{ highDoseVitamin: Medication; lowDosePediatric: Medication; }'.
src/test/data/edge-cases.ts(1329,49): error TS2339: Property 'noIngredients' does not exist on type '{ highDoseVitamin: Medication; lowDosePediatric: Medication; }'.
src/test/data/fhir-compliant-examples.ts(45,5): error TS2353: Object literal may only specify known properties, and 'concentrationRatio' does not exist in type 'Medication'.
src/test/data/fhir-compliant-examples.ts(83,5): error TS2353: Object literal may only specify known properties, and 'concentrationRatio' does not exist in type 'Medication'.
src/test/data/fhir-compliant-examples.ts(121,5): error TS2353: Object literal may only specify known properties, and 'concentrationRatio' does not exist in type 'Medication'.
src/test/data/fhir-compliant-examples.ts(167,5): error TS2353: Object literal may only specify known properties, and 'isScored' does not exist in type 'Medication'.
src/test/data/fhir-compliant-examples.ts(207,5): error TS2353: Object literal may only specify known properties, and 'isScored' does not exist in type 'Medication'.
src/test/data/fhir-compliant-examples.ts(335,5): error TS2353: Object literal may only specify known properties, and 'concentrationRatio' does not exist in type 'Medication'.
src/test/data/fhir-compliant-examples.ts(373,5): error TS2353: Object literal may only specify known properties, and 'concentrationRatio' does not exist in type 'Medication'.
src/test/data/fhir-compliant-examples.ts(412,7): error TS2353: Object literal may only specify known properties, and 'daysSupply' does not exist in type '{ humanReadable: string; fhirStructure?: any; }'.
src/test/data/fhir-compliant-examples.ts(417,7): error TS2353: Object literal may only specify known properties, and 'fhirValidation' does not exist in type '{ approvedBy?: string | undefined; approvedDate?: string | undefined; clinicalIntent: string; lastReviewed?: string | undefined; version: string; }'.
src/test/data/fhir-compliant-examples.ts(438,7): error TS2353: Object literal may only specify known properties, and 'daysSupply' does not exist in type '{ humanReadable: string; fhirStructure?: any; }'.
src/test/data/fhir-compliant-examples.ts(443,7): error TS2353: Object literal may only specify known properties, and 'fhirValidation' does not exist in type '{ approvedBy?: string | undefined; approvedDate?: string | undefined; clinicalIntent: string; lastReviewed?: string | undefined; version: string; }'.
src/test/data/fhir-compliant-examples.ts(463,7): error TS2353: Object literal may only specify known properties, and 'daysSupply' does not exist in type '{ humanReadable: string; fhirStructure?: any; }'.
src/test/data/fhir-compliant-examples.ts(468,7): error TS2353: Object literal may only specify known properties, and 'fhirValidation' does not exist in type '{ approvedBy?: string | undefined; approvedDate?: string | undefined; clinicalIntent: string; lastReviewed?: string | undefined; version: string; }'.
src/test/data/fhir-compliant-examples.ts(488,7): error TS2353: Object literal may only specify known properties, and 'daysSupply' does not exist in type '{ humanReadable: string; fhirStructure?: any; }'.
src/test/data/fhir-compliant-examples.ts(493,7): error TS2353: Object literal may only specify known properties, and 'fhirValidation' does not exist in type '{ approvedBy?: string | undefined; approvedDate?: string | undefined; clinicalIntent: string; lastReviewed?: string | undefined; version: string; }'.
src/test/data/fhir-compliant-examples.ts(514,7): error TS2353: Object literal may only specify known properties, and 'daysSupply' does not exist in type '{ humanReadable: string; fhirStructure?: any; }'.
src/test/data/fhir-compliant-examples.ts(519,7): error TS2353: Object literal may only specify known properties, and 'fhirValidation' does not exist in type '{ approvedBy?: string | undefined; approvedDate?: string | undefined; clinicalIntent: string; lastReviewed?: string | undefined; version: string; }'.
src/test/data/fhir-compliant-examples.ts(540,7): error TS2353: Object literal may only specify known properties, and 'daysSupply' does not exist in type '{ humanReadable: string; fhirStructure?: any; }'.
src/test/data/fhir-compliant-examples.ts(545,7): error TS2353: Object literal may only specify known properties, and 'fhirValidation' does not exist in type '{ approvedBy?: string | undefined; approvedDate?: string | undefined; clinicalIntent: string; lastReviewed?: string | undefined; version: string; }'.
src/test/data/fhir-compliant-examples.ts(580,5): error TS2353: Object literal may only specify known properties, and 'isScored' does not exist in type 'Medication'.
src/test/data/fhir-compliant-examples.ts(620,5): error TS2353: Object literal may only specify known properties, and 'concentrationRatio' does not exist in type 'Medication'.
src/test/data/medication-fixtures.ts(331,18): error TS2352: Conversion of type '{ id: string; name: string; type: string; isActive: true; doseForm: string; code: { coding: { system: string; code: string; display: string; }[]; }; ingredient: { name: string; strengthRatio: { numerator: { value: number; unit: string; }; denominator: { ...; }; }; }[]; dispenserInfo: { ...; }; totalVolume: { ...; };...' to type 'Medication' may be a mistake because neither type sufficiently overlaps with the other. If this was intentional, convert the expression to 'unknown' first.
  Types of property 'dispenserInfo' are incompatible.
    Type '{ type: string; dispensingUnit: string; volumePerUnit: number; strengthPerUnit: number; }' is missing the following properties from type '{ type: string; unit: string; pluralUnit: string; conversionRatio: number; }': unit, pluralUnit, conversionRatio
src/test/data/medication-fixtures.ts(402,23): error TS2352: Conversion of type '{ id: string; name: string; type: string; isActive: true; doseForm: string; code: { coding: { system: string; code: string; display: string; }[]; }; ingredient: { name: string; strengthRatio: { numerator: { value: number; unit: string; }; denominator: { ...; }; }; }[]; dispenserInfo: { ...; }; totalVolume: { ...; };...' to type 'Medication' may be a mistake because neither type sufficiently overlaps with the other. If this was intentional, convert the expression to 'unknown' first.
  Types of property 'dispenserInfo' are incompatible.
    Type '{ type: string; dispensingUnit: string; volumePerUnit: number; strengthPerUnit: null; }' is missing the following properties from type '{ type: string; unit: string; pluralUnit: string; conversionRatio: number; }': unit, pluralUnit, conversionRatio
src/test/data/real-world-examples.ts(468,5): error TS2322: Type '"advanced-real-world"' is not assignable to type '"tablet" | "injection" | "topical" | "liquid" | "complex" | "edge-case" | undefined'.
src/test/data/real-world-examples.ts(470,47): error TS2339: Property 'sumatriptan100mg' does not exist on type '{ metformin500: Medication; lisinopril10: Medication; levothyroxine25: Medication; omeprazole20: Medication; }'.
src/test/data/real-world-examples.ts(471,7): error TS2353: Object literal may only specify known properties, and 'doseRange' does not exist in type '{ medication: any; dose: any; route: string; frequency: string; specialInstructions?: string | undefined; }'.
src/test/data/real-world-examples.ts(490,5): error TS2322: Type '"advanced-real-world"' is not assignable to type '"tablet" | "injection" | "topical" | "liquid" | "complex" | "edge-case" | undefined'.
src/test/data/real-world-examples.ts(492,47): error TS2339: Property 'oxycodone5mg' does not exist on type '{ metformin500: Medication; lisinopril10: Medication; levothyroxine25: Medication; omeprazole20: Medication; }'.
src/test/data/real-world-examples.ts(493,7): error TS2353: Object literal may only specify known properties, and 'doseRange' does not exist in type '{ medication: any; dose: any; route: string; frequency: string; specialInstructions?: string | undefined; }'.
src/test/data/real-world-examples.ts(513,5): error TS2322: Type '"advanced-real-world"' is not assignable to type '"tablet" | "injection" | "topical" | "liquid" | "complex" | "edge-case" | undefined'.
src/test/data/real-world-examples.ts(515,47): error TS2339: Property 'lorazepam1mg' does not exist on type '{ metformin500: Medication; lisinopril10: Medication; levothyroxine25: Medication; omeprazole20: Medication; }'.
src/test/data/real-world-examples.ts(516,7): error TS2353: Object literal may only specify known properties, and 'doseRange' does not exist in type '{ medication: any; dose: any; route: string; frequency: string; specialInstructions?: string | undefined; }'.
src/test/data/real-world-examples.ts(535,5): error TS2322: Type '"advanced-real-world"' is not assignable to type '"tablet" | "injection" | "topical" | "liquid" | "complex" | "edge-case" | undefined'.
src/test/data/real-world-examples.ts(538,7): error TS2353: Object literal may only specify known properties, and 'doseRange' does not exist in type '{ medication: any; dose: any; route: string; frequency: string; specialInstructions?: string | undefined; }'.
src/test/data/real-world-examples.ts(557,5): error TS2322: Type '"advanced-real-world"' is not assignable to type '"tablet" | "injection" | "topical" | "liquid" | "complex" | "edge-case" | undefined'.
src/test/data/real-world-examples.ts(559,47): error TS2339: Property 'zolpidem10mg' does not exist on type '{ metformin500: Medication; lisinopril10: Medication; levothyroxine25: Medication; omeprazole20: Medication; }'.
src/test/data/real-world-examples.ts(562,7): error TS2353: Object literal may only specify known properties, and 'frequencyRange' does not exist in type '{ medication: any; dose: any; route: string; frequency: string; specialInstructions?: string | undefined; }'.
src/test/data/real-world-examples.ts(580,5): error TS2322: Type '"advanced-real-world"' is not assignable to type '"tablet" | "injection" | "topical" | "liquid" | "complex" | "edge-case" | undefined'.
src/test/data/real-world-examples.ts(601,5): error TS2322: Type '"advanced-real-world"' is not assignable to type '"tablet" | "injection" | "topical" | "liquid" | "complex" | "edge-case" | undefined'.
src/test/data/real-world-examples.ts(603,55): error TS2339: Property 'tripleTopical' does not exist on type '{ combinationHormone: Medication; combinationTablet: Medication; }'.
src/test/data/real-world-examples.ts(622,5): error TS2322: Type '"advanced-real-world"' is not assignable to type '"tablet" | "injection" | "topical" | "liquid" | "complex" | "edge-case" | undefined'.
src/test/data/real-world-examples.ts(643,5): error TS2322: Type '"advanced-real-world"' is not assignable to type '"tablet" | "injection" | "topical" | "liquid" | "complex" | "edge-case" | undefined'.
src/test/data/real-world-examples.ts(645,55): error TS2339: Property 'injectableCompound' does not exist on type '{ combinationHormone: Medication; combinationTablet: Medication; }'.
src/test/data/real-world-examples.ts(664,5): error TS2322: Type '"advanced-real-world"' is not assignable to type '"tablet" | "injection" | "topical" | "liquid" | "complex" | "edge-case" | undefined'.
src/test/data/real-world-examples.ts(666,55): error TS2339: Property 'sublingualCompound' does not exist on type '{ combinationHormone: Medication; combinationTablet: Medication; }'.
src/test/data/real-world-examples.ts(686,5): error TS2322: Type '"advanced-real-world"' is not assignable to type '"tablet" | "injection" | "topical" | "liquid" | "complex" | "edge-case" | undefined'.
src/test/data/real-world-examples.ts(688,47): error TS2339: Property 'prednisone10mg' does not exist on type '{ metformin500: Medication; lisinopril10: Medication; levothyroxine25: Medication; omeprazole20: Medication; }'.
src/test/data/real-world-examples.ts(689,7): error TS2353: Object literal may only specify known properties, and 'taperingSchedule' does not exist in type '{ medication: any; dose: any; route: string; frequency: string; specialInstructions?: string | undefined; }'.
src/test/data/real-world-examples.ts(711,5): error TS2322: Type '"advanced-real-world"' is not assignable to type '"tablet" | "injection" | "topical" | "liquid" | "complex" | "edge-case" | undefined'.
src/test/data/real-world-examples.ts(713,47): error TS2339: Property 'chlordiazepoxide25mg' does not exist on type '{ metformin500: Medication; lisinopril10: Medication; levothyroxine25: Medication; omeprazole20: Medication; }'.
src/test/data/real-world-examples.ts(714,7): error TS2353: Object literal may only specify known properties, and 'taperingSchedule' does not exist in type '{ medication: any; dose: any; route: string; frequency: string; specialInstructions?: string | undefined; }'.
src/test/data/real-world-examples.ts(736,5): error TS2322: Type '"advanced-real-world"' is not assignable to type '"tablet" | "injection" | "topical" | "liquid" | "complex" | "edge-case" | undefined'.
src/test/data/real-world-examples.ts(738,47): error TS2339: Property 'sertraline50mg' does not exist on type '{ metformin500: Medication; lisinopril10: Medication; levothyroxine25: Medication; omeprazole20: Medication; }'.
src/test/data/real-world-examples.ts(739,7): error TS2353: Object literal may only specify known properties, and 'taperingSchedule' does not exist in type '{ medication: any; dose: any; route: string; frequency: string; specialInstructions?: string | undefined; }'.
src/test/data/real-world-examples.ts(760,5): error TS2322: Type '"advanced-real-world"' is not assignable to type '"tablet" | "injection" | "topical" | "liquid" | "complex" | "edge-case" | undefined'.
src/test/data/real-world-examples.ts(762,47): error TS2339: Property 'gabapentin300mg' does not exist on type '{ metformin500: Medication; lisinopril10: Medication; levothyroxine25: Medication; omeprazole20: Medication; }'.
src/test/data/real-world-examples.ts(763,7): error TS2353: Object literal may only specify known properties, and 'taperingSchedule' does not exist in type '{ medication: any; dose: any; route: string; frequency: string; specialInstructions?: string | undefined; }'.
src/test/data/real-world-examples.ts(785,5): error TS2322: Type '"advanced-real-world"' is not assignable to type '"tablet" | "injection" | "topical" | "liquid" | "complex" | "edge-case" | undefined'.
src/test/data/real-world-examples.ts(787,47): error TS2339: Property 'methadone10mg' does not exist on type '{ metformin500: Medication; lisinopril10: Medication; levothyroxine25: Medication; omeprazole20: Medication; }'.
src/test/data/real-world-examples.ts(788,7): error TS2353: Object literal may only specify known properties, and 'taperingSchedule' does not exist in type '{ medication: any; dose: any; route: string; frequency: string; specialInstructions?: string | undefined; }'.
src/test/data/real-world-prescription-scenarios.ts(72,9): error TS2741: Property 'medication' is missing in type '{ dose: { value: number; unit: string; }; route: string; frequency: string; specialInstructions: string; }' but required in type '{ medication: any; dose: any; route: string; frequency: string; specialInstructions?: string | undefined; }'.
src/test/data/real-world-prescription-scenarios.ts(80,11): error TS2353: Object literal may only specify known properties, and 'daysSupply' does not exist in type '{ humanReadable: string; fhirStructure?: any; }'.
src/test/data/real-world-prescription-scenarios.ts(85,11): error TS2353: Object literal may only specify known properties, and 'pharmacyNotes' does not exist in type '{ approvedBy?: string | undefined; approvedDate?: string | undefined; clinicalIntent: string; lastReviewed?: string | undefined; version: string; }'.
src/test/data/real-world-prescription-scenarios.ts(95,9): error TS2741: Property 'medication' is missing in type '{ dose: { value: number; unit: string; }; route: string; frequency: string; }' but required in type '{ medication: any; dose: any; route: string; frequency: string; specialInstructions?: string | undefined; }'.
src/test/data/real-world-prescription-scenarios.ts(102,11): error TS2353: Object literal may only specify known properties, and 'daysSupply' does not exist in type '{ humanReadable: string; fhirStructure?: any; }'.
src/test/data/real-world-prescription-scenarios.ts(107,11): error TS2353: Object literal may only specify known properties, and 'pharmacyNotes' does not exist in type '{ approvedBy?: string | undefined; approvedDate?: string | undefined; clinicalIntent: string; lastReviewed?: string | undefined; version: string; }'.
src/test/data/real-world-prescription-scenarios.ts(116,9): error TS2741: Property 'medication' is missing in type '{ dose: { value: number; unit: string; }; route: string; frequency: string; specialInstructions: string; }' but required in type '{ medication: any; dose: any; route: string; frequency: string; specialInstructions?: string | undefined; }'.
src/test/data/real-world-prescription-scenarios.ts(124,11): error TS2353: Object literal may only specify known properties, and 'daysSupply' does not exist in type '{ humanReadable: string; fhirStructure?: any; }'.
src/test/data/real-world-prescription-scenarios.ts(129,11): error TS2353: Object literal may only specify known properties, and 'pharmacyNotes' does not exist in type '{ approvedBy?: string | undefined; approvedDate?: string | undefined; clinicalIntent: string; lastReviewed?: string | undefined; version: string; }'.
src/test/data/real-world-prescription-scenarios.ts(185,9): error TS2741: Property 'medication' is missing in type '{ dose: { value: number; unit: string; }; route: string; frequency: string; specialInstructions: string; }' but required in type '{ medication: any; dose: any; route: string; frequency: string; specialInstructions?: string | undefined; }'.
src/test/data/real-world-prescription-scenarios.ts(193,11): error TS2353: Object literal may only specify known properties, and 'daysSupply' does not exist in type '{ humanReadable: string; fhirStructure?: any; }'.
src/test/data/real-world-prescription-scenarios.ts(198,11): error TS2353: Object literal may only specify known properties, and 'pharmacyNotes' does not exist in type '{ approvedBy?: string | undefined; approvedDate?: string | undefined; clinicalIntent: string; lastReviewed?: string | undefined; version: string; }'.
src/test/data/real-world-prescription-scenarios.ts(207,9): error TS2741: Property 'medication' is missing in type '{ dose: { value: number; unit: string; }; route: string; frequency: string; specialInstructions: string; }' but required in type '{ medication: any; dose: any; route: string; frequency: string; specialInstructions?: string | undefined; }'.
src/test/data/real-world-prescription-scenarios.ts(215,11): error TS2353: Object literal may only specify known properties, and 'daysSupply' does not exist in type '{ humanReadable: string; fhirStructure?: any; }'.
src/test/data/real-world-prescription-scenarios.ts(220,11): error TS2353: Object literal may only specify known properties, and 'pharmacyNotes' does not exist in type '{ approvedBy?: string | undefined; approvedDate?: string | undefined; clinicalIntent: string; lastReviewed?: string | undefined; version: string; }'.
src/test/data/real-world-prescription-scenarios.ts(229,9): error TS2741: Property 'medication' is missing in type '{ dose: { value: number; unit: string; }; route: string; frequency: string; specialInstructions: string; }' but required in type '{ medication: any; dose: any; route: string; frequency: string; specialInstructions?: string | undefined; }'.
src/test/data/real-world-prescription-scenarios.ts(237,11): error TS2353: Object literal may only specify known properties, and 'daysSupply' does not exist in type '{ humanReadable: string; fhirStructure?: any; }'.
src/test/data/real-world-prescription-scenarios.ts(242,11): error TS2353: Object literal may only specify known properties, and 'pharmacyNotes' does not exist in type '{ approvedBy?: string | undefined; approvedDate?: string | undefined; clinicalIntent: string; lastReviewed?: string | undefined; version: string; }'.
src/test/data/real-world-prescription-scenarios.ts(303,9): error TS2741: Property 'medication' is missing in type '{ dose: { value: number; unit: string; }; route: string; frequency: string; specialInstructions: string; }' but required in type '{ medication: any; dose: any; route: string; frequency: string; specialInstructions?: string | undefined; }'.
src/test/data/real-world-prescription-scenarios.ts(311,11): error TS2353: Object literal may only specify known properties, and 'daysSupply' does not exist in type '{ humanReadable: string; fhirStructure?: any; }'.
src/test/data/real-world-prescription-scenarios.ts(316,11): error TS2353: Object literal may only specify known properties, and 'pharmacyNotes' does not exist in type '{ approvedBy?: string | undefined; approvedDate?: string | undefined; clinicalIntent: string; lastReviewed?: string | undefined; version: string; }'.
src/test/data/real-world-prescription-scenarios.ts(325,9): error TS2741: Property 'medication' is missing in type '{ dose: { value: number; unit: string; }; route: string; frequency: string; specialInstructions: string; }' but required in type '{ medication: any; dose: any; route: string; frequency: string; specialInstructions?: string | undefined; }'.
src/test/data/real-world-prescription-scenarios.ts(333,11): error TS2353: Object literal may only specify known properties, and 'daysSupply' does not exist in type '{ humanReadable: string; fhirStructure?: any; }'.
src/test/data/real-world-prescription-scenarios.ts(338,11): error TS2353: Object literal may only specify known properties, and 'pharmacyNotes' does not exist in type '{ approvedBy?: string | undefined; approvedDate?: string | undefined; clinicalIntent: string; lastReviewed?: string | undefined; version: string; }'.
src/test/data/real-world-prescription-scenarios.ts(347,9): error TS2741: Property 'medication' is missing in type '{ dose: { value: number; unit: string; }; route: string; frequency: string; specialInstructions: string; }' but required in type '{ medication: any; dose: any; route: string; frequency: string; specialInstructions?: string | undefined; }'.
src/test/data/real-world-prescription-scenarios.ts(355,11): error TS2353: Object literal may only specify known properties, and 'daysSupply' does not exist in type '{ humanReadable: string; fhirStructure?: any; }'.
src/test/data/real-world-prescription-scenarios.ts(360,11): error TS2353: Object literal may only specify known properties, and 'pharmacyNotes' does not exist in type '{ approvedBy?: string | undefined; approvedDate?: string | undefined; clinicalIntent: string; lastReviewed?: string | undefined; version: string; }'.
src/test/data/real-world-prescription-scenarios.ts(419,9): error TS2741: Property 'medication' is missing in type '{ dose: { value: number; unit: string; }; route: string; frequency: string; specialInstructions: string; }' but required in type '{ medication: any; dose: any; route: string; frequency: string; specialInstructions?: string | undefined; }'.
src/test/data/real-world-prescription-scenarios.ts(427,11): error TS2353: Object literal may only specify known properties, and 'daysSupply' does not exist in type '{ humanReadable: string; fhirStructure?: any; }'.
src/test/data/real-world-prescription-scenarios.ts(432,11): error TS2353: Object literal may only specify known properties, and 'pharmacyNotes' does not exist in type '{ approvedBy?: string | undefined; approvedDate?: string | undefined; clinicalIntent: string; lastReviewed?: string | undefined; version: string; }'.
src/test/data/real-world-prescription-scenarios.ts(441,9): error TS2741: Property 'medication' is missing in type '{ dose: { value: number; unit: string; }; route: string; frequency: string; specialInstructions: string; }' but required in type '{ medication: any; dose: any; route: string; frequency: string; specialInstructions?: string | undefined; }'.
src/test/data/real-world-prescription-scenarios.ts(449,11): error TS2353: Object literal may only specify known properties, and 'daysSupply' does not exist in type '{ humanReadable: string; fhirStructure?: any; }'.
src/test/data/real-world-prescription-scenarios.ts(454,11): error TS2353: Object literal may only specify known properties, and 'pharmacyNotes' does not exist in type '{ approvedBy?: string | undefined; approvedDate?: string | undefined; clinicalIntent: string; lastReviewed?: string | undefined; version: string; }'.
src/test/data/real-world-prescription-scenarios.ts(513,9): error TS2741: Property 'medication' is missing in type '{ dose: { value: number; unit: string; }; route: string; frequency: string; specialInstructions: string; }' but required in type '{ medication: any; dose: any; route: string; frequency: string; specialInstructions?: string | undefined; }'.
src/test/data/real-world-prescription-scenarios.ts(521,11): error TS2353: Object literal may only specify known properties, and 'daysSupply' does not exist in type '{ humanReadable: string; fhirStructure?: any; }'.
src/test/data/real-world-prescription-scenarios.ts(526,11): error TS2353: Object literal may only specify known properties, and 'pharmacyNotes' does not exist in type '{ approvedBy?: string | undefined; approvedDate?: string | undefined; clinicalIntent: string; lastReviewed?: string | undefined; version: string; }'.
src/test/data/real-world-prescription-scenarios.ts(535,9): error TS2741: Property 'medication' is missing in type '{ dose: { value: number; unit: string; }; route: string; frequency: string; specialInstructions: string; }' but required in type '{ medication: any; dose: any; route: string; frequency: string; specialInstructions?: string | undefined; }'.
src/test/data/real-world-prescription-scenarios.ts(543,11): error TS2353: Object literal may only specify known properties, and 'daysSupply' does not exist in type '{ humanReadable: string; fhirStructure?: any; }'.
src/test/data/real-world-prescription-scenarios.ts(548,11): error TS2353: Object literal may only specify known properties, and 'pharmacyNotes' does not exist in type '{ approvedBy?: string | undefined; approvedDate?: string | undefined; clinicalIntent: string; lastReviewed?: string | undefined; version: string; }'.
src/test/data/special-dispenser-cases.ts(23,5): error TS2322: Type '"special-dispenser"' is not assignable to type '"tablet" | "injection" | "topical" | "liquid" | "complex" | "edge-case" | undefined'.
src/test/data/special-dispenser-cases.ts(43,5): error TS2322: Type '"special-dispenser"' is not assignable to type '"tablet" | "injection" | "topical" | "liquid" | "complex" | "edge-case" | undefined'.
src/test/data/special-dispenser-cases.ts(64,5): error TS2322: Type '"special-dispenser"' is not assignable to type '"tablet" | "injection" | "topical" | "liquid" | "complex" | "edge-case" | undefined'.
src/test/data/special-dispenser-cases.ts(84,5): error TS2322: Type '"special-dispenser"' is not assignable to type '"tablet" | "injection" | "topical" | "liquid" | "complex" | "edge-case" | undefined'.
src/test/data/special-dispenser-cases.ts(105,5): error TS2322: Type '"special-dispenser"' is not assignable to type '"tablet" | "injection" | "topical" | "liquid" | "complex" | "edge-case" | undefined'.
src/test/data/special-dispenser-cases.ts(127,5): error TS2322: Type '"special-dispenser"' is not assignable to type '"tablet" | "injection" | "topical" | "liquid" | "complex" | "edge-case" | undefined'.
src/test/data/special-dispenser-cases.ts(147,5): error TS2322: Type '"special-dispenser"' is not assignable to type '"tablet" | "injection" | "topical" | "liquid" | "complex" | "edge-case" | undefined'.
src/test/data/special-dispenser-cases.ts(168,5): error TS2322: Type '"special-dispenser"' is not assignable to type '"tablet" | "injection" | "topical" | "liquid" | "complex" | "edge-case" | undefined'.
src/test/data/special-dispenser-cases.ts(188,5): error TS2322: Type '"special-dispenser"' is not assignable to type '"tablet" | "injection" | "topical" | "liquid" | "complex" | "edge-case" | undefined'.
src/test/data/special-dispenser-cases.ts(208,5): error TS2322: Type '"special-dispenser"' is not assignable to type '"tablet" | "injection" | "topical" | "liquid" | "complex" | "edge-case" | undefined'.
src/test/data/special-dispenser-cases.ts(230,5): error TS2322: Type '"special-dispenser"' is not assignable to type '"tablet" | "injection" | "topical" | "liquid" | "complex" | "edge-case" | undefined'.
src/test/data/special-dispenser-cases.ts(251,5): error TS2322: Type '"special-dispenser"' is not assignable to type '"tablet" | "injection" | "topical" | "liquid" | "complex" | "edge-case" | undefined'.
src/test/data/special-dispenser-cases.ts(272,5): error TS2322: Type '"special-dispenser"' is not assignable to type '"tablet" | "injection" | "topical" | "liquid" | "complex" | "edge-case" | undefined'.
src/test/data/special-dispenser-cases.ts(293,5): error TS2322: Type '"special-dispenser"' is not assignable to type '"tablet" | "injection" | "topical" | "liquid" | "complex" | "edge-case" | undefined'.
src/test/data/special-dispenser-cases.ts(314,5): error TS2322: Type '"special-dispenser"' is not assignable to type '"tablet" | "injection" | "topical" | "liquid" | "complex" | "edge-case" | undefined'.
src/test/data/special-dispenser-cases.ts(336,5): error TS2322: Type '"special-dispenser"' is not assignable to type '"tablet" | "injection" | "topical" | "liquid" | "complex" | "edge-case" | undefined'.
src/test/data/special-dispenser-cases.ts(356,5): error TS2322: Type '"special-dispenser"' is not assignable to type '"tablet" | "injection" | "topical" | "liquid" | "complex" | "edge-case" | undefined'.
src/test/data/special-dispenser-cases.ts(376,5): error TS2322: Type '"special-dispenser"' is not assignable to type '"tablet" | "injection" | "topical" | "liquid" | "complex" | "edge-case" | undefined'.
src/test/data/special-dispenser-cases.ts(397,5): error TS2322: Type '"special-dispenser"' is not assignable to type '"tablet" | "injection" | "topical" | "liquid" | "complex" | "edge-case" | undefined'.
src/test/data/special-dispenser-cases.ts(417,5): error TS2322: Type '"special-dispenser"' is not assignable to type '"tablet" | "injection" | "topical" | "liquid" | "complex" | "edge-case" | undefined'.
src/test/data/special-dispenser-cases.ts(445,5): error TS2322: Type '"special-dispenser"' is not assignable to type '"tablet" | "injection" | "topical" | "liquid" | "complex" | "edge-case" | undefined'.
src/test/data/special-dispenser-cases.ts(447,39): error TS2339: Property 'nasalSprays' does not exist on type '{ tablets: { metformin500: Medication; lisinopril10: Medication; levothyroxine25: Medication; omeprazole20: Medication; }; liquids: { ...; }; injectables: { ...; }; topicals: { ...; }; multiIngredient: { ...; }; edgeCases: { ...; }; }'.
src/test/data/special-dispenser-cases.ts(466,5): error TS2322: Type '"special-dispenser"' is not assignable to type '"tablet" | "injection" | "topical" | "liquid" | "complex" | "edge-case" | undefined'.
src/test/data/special-dispenser-cases.ts(468,39): error TS2339: Property 'nasalSprays' does not exist on type '{ tablets: { metformin500: Medication; lisinopril10: Medication; levothyroxine25: Medication; omeprazole20: Medication; }; liquids: { ...; }; injectables: { ...; }; topicals: { ...; }; multiIngredient: { ...; }; edgeCases: { ...; }; }'.
src/test/data/special-dispenser-cases.ts(487,5): error TS2322: Type '"special-dispenser"' is not assignable to type '"tablet" | "injection" | "topical" | "liquid" | "complex" | "edge-case" | undefined'.
src/test/data/special-dispenser-cases.ts(489,39): error TS2339: Property 'nasalSprays' does not exist on type '{ tablets: { metformin500: Medication; lisinopril10: Medication; levothyroxine25: Medication; omeprazole20: Medication; }; liquids: { ...; }; injectables: { ...; }; topicals: { ...; }; multiIngredient: { ...; }; edgeCases: { ...; }; }'.
src/test/data/special-dispenser-cases.ts(508,5): error TS2322: Type '"special-dispenser"' is not assignable to type '"tablet" | "injection" | "topical" | "liquid" | "complex" | "edge-case" | undefined'.
src/test/data/special-dispenser-cases.ts(510,39): error TS2339: Property 'nasalSprays' does not exist on type '{ tablets: { metformin500: Medication; lisinopril10: Medication; levothyroxine25: Medication; omeprazole20: Medication; }; liquids: { ...; }; injectables: { ...; }; topicals: { ...; }; multiIngredient: { ...; }; edgeCases: { ...; }; }'.
src/test/data/special-dispenser-cases.ts(529,5): error TS2322: Type '"special-dispenser"' is not assignable to type '"tablet" | "injection" | "topical" | "liquid" | "complex" | "edge-case" | undefined'.
src/test/data/special-dispenser-cases.ts(531,39): error TS2339: Property 'nasalSprays' does not exist on type '{ tablets: { metformin500: Medication; lisinopril10: Medication; levothyroxine25: Medication; omeprazole20: Medication; }; liquids: { ...; }; injectables: { ...; }; topicals: { ...; }; multiIngredient: { ...; }; edgeCases: { ...; }; }'.
src/test/data/special-dispenser-cases.ts(551,5): error TS2322: Type '"special-dispenser"' is not assignable to type '"tablet" | "injection" | "topical" | "liquid" | "complex" | "edge-case" | undefined'.
src/test/data/special-dispenser-cases.ts(553,39): error TS2339: Property 'nasalSprays' does not exist on type '{ tablets: { metformin500: Medication; lisinopril10: Medication; levothyroxine25: Medication; omeprazole20: Medication; }; liquids: { ...; }; injectables: { ...; }; topicals: { ...; }; multiIngredient: { ...; }; edgeCases: { ...; }; }'.
src/test/data/special-dispenser-cases.ts(572,5): error TS2322: Type '"special-dispenser"' is not assignable to type '"tablet" | "injection" | "topical" | "liquid" | "complex" | "edge-case" | undefined'.
src/test/data/special-dispenser-cases.ts(574,39): error TS2339: Property 'nasalSprays' does not exist on type '{ tablets: { metformin500: Medication; lisinopril10: Medication; levothyroxine25: Medication; omeprazole20: Medication; }; liquids: { ...; }; injectables: { ...; }; topicals: { ...; }; multiIngredient: { ...; }; edgeCases: { ...; }; }'.
src/test/data/special-dispenser-cases.ts(593,5): error TS2322: Type '"special-dispenser"' is not assignable to type '"tablet" | "injection" | "topical" | "liquid" | "complex" | "edge-case" | undefined'.
src/test/data/special-dispenser-cases.ts(595,39): error TS2339: Property 'nasalSprays' does not exist on type '{ tablets: { metformin500: Medication; lisinopril10: Medication; levothyroxine25: Medication; omeprazole20: Medication; }; liquids: { ...; }; injectables: { ...; }; topicals: { ...; }; multiIngredient: { ...; }; edgeCases: { ...; }; }'.
src/test/data/special-dispenser-cases.ts(614,5): error TS2322: Type '"special-dispenser"' is not assignable to type '"tablet" | "injection" | "topical" | "liquid" | "complex" | "edge-case" | undefined'.
src/test/data/special-dispenser-cases.ts(616,39): error TS2339: Property 'nasalSprays' does not exist on type '{ tablets: { metformin500: Medication; lisinopril10: Medication; levothyroxine25: Medication; omeprazole20: Medication; }; liquids: { ...; }; injectables: { ...; }; topicals: { ...; }; multiIngredient: { ...; }; edgeCases: { ...; }; }'.
src/test/data/special-dispenser-cases.ts(635,5): error TS2322: Type '"special-dispenser"' is not assignable to type '"tablet" | "injection" | "topical" | "liquid" | "complex" | "edge-case" | undefined'.
src/test/data/special-dispenser-cases.ts(637,39): error TS2339: Property 'nasalSprays' does not exist on type '{ tablets: { metformin500: Medication; lisinopril10: Medication; levothyroxine25: Medication; omeprazole20: Medication; }; liquids: { ...; }; injectables: { ...; }; topicals: { ...; }; multiIngredient: { ...; }; edgeCases: { ...; }; }'.
src/test/data/special-dispenser-cases.ts(657,5): error TS2322: Type '"special-dispenser"' is not assignable to type '"tablet" | "injection" | "topical" | "liquid" | "complex" | "edge-case" | undefined'.
src/test/data/special-dispenser-cases.ts(659,39): error TS2339: Property 'nasalSprays' does not exist on type '{ tablets: { metformin500: Medication; lisinopril10: Medication; levothyroxine25: Medication; omeprazole20: Medication; }; liquids: { ...; }; injectables: { ...; }; topicals: { ...; }; multiIngredient: { ...; }; edgeCases: { ...; }; }'.
src/test/data/special-dispenser-cases.ts(678,5): error TS2322: Type '"special-dispenser"' is not assignable to type '"tablet" | "injection" | "topical" | "liquid" | "complex" | "edge-case" | undefined'.
src/test/data/special-dispenser-cases.ts(680,39): error TS2339: Property 'nasalSprays' does not exist on type '{ tablets: { metformin500: Medication; lisinopril10: Medication; levothyroxine25: Medication; omeprazole20: Medication; }; liquids: { ...; }; injectables: { ...; }; topicals: { ...; }; multiIngredient: { ...; }; edgeCases: { ...; }; }'.
src/test/data/special-dispenser-cases.ts(699,5): error TS2322: Type '"special-dispenser"' is not assignable to type '"tablet" | "injection" | "topical" | "liquid" | "complex" | "edge-case" | undefined'.
src/test/data/special-dispenser-cases.ts(701,39): error TS2339: Property 'nasalSprays' does not exist on type '{ tablets: { metformin500: Medication; lisinopril10: Medication; levothyroxine25: Medication; omeprazole20: Medication; }; liquids: { ...; }; injectables: { ...; }; topicals: { ...; }; multiIngredient: { ...; }; edgeCases: { ...; }; }'.
src/test/data/special-dispenser-cases.ts(720,5): error TS2322: Type '"special-dispenser"' is not assignable to type '"tablet" | "injection" | "topical" | "liquid" | "complex" | "edge-case" | undefined'.
src/test/data/special-dispenser-cases.ts(722,39): error TS2339: Property 'nasalSprays' does not exist on type '{ tablets: { metformin500: Medication; lisinopril10: Medication; levothyroxine25: Medication; omeprazole20: Medication; }; liquids: { ...; }; injectables: { ...; }; topicals: { ...; }; multiIngredient: { ...; }; edgeCases: { ...; }; }'.
src/test/data/special-dispenser-cases.ts(741,5): error TS2322: Type '"special-dispenser"' is not assignable to type '"tablet" | "injection" | "topical" | "liquid" | "complex" | "edge-case" | undefined'.
src/test/data/special-dispenser-cases.ts(743,39): error TS2339: Property 'nasalSprays' does not exist on type '{ tablets: { metformin500: Medication; lisinopril10: Medication; levothyroxine25: Medication; omeprazole20: Medication; }; liquids: { ...; }; injectables: { ...; }; topicals: { ...; }; multiIngredient: { ...; }; edgeCases: { ...; }; }'.
src/test/data/special-dispenser-cases.ts(769,5): error TS2322: Type '"special-dispenser"' is not assignable to type '"tablet" | "injection" | "topical" | "liquid" | "complex" | "edge-case" | undefined'.
src/test/data/special-dispenser-cases.ts(771,39): error TS2339: Property 'inhalers' does not exist on type '{ tablets: { metformin500: Medication; lisinopril10: Medication; levothyroxine25: Medication; omeprazole20: Medication; }; liquids: { ...; }; injectables: { ...; }; topicals: { ...; }; multiIngredient: { ...; }; edgeCases: { ...; }; }'.
src/test/data/special-dispenser-cases.ts(790,5): error TS2322: Type '"special-dispenser"' is not assignable to type '"tablet" | "injection" | "topical" | "liquid" | "complex" | "edge-case" | undefined'.
src/test/data/special-dispenser-cases.ts(792,39): error TS2339: Property 'inhalers' does not exist on type '{ tablets: { metformin500: Medication; lisinopril10: Medication; levothyroxine25: Medication; omeprazole20: Medication; }; liquids: { ...; }; injectables: { ...; }; topicals: { ...; }; multiIngredient: { ...; }; edgeCases: { ...; }; }'.
src/test/data/special-dispenser-cases.ts(810,5): error TS2322: Type '"special-dispenser"' is not assignable to type '"tablet" | "injection" | "topical" | "liquid" | "complex" | "edge-case" | undefined'.
src/test/data/special-dispenser-cases.ts(812,39): error TS2339: Property 'inhalers' does not exist on type '{ tablets: { metformin500: Medication; lisinopril10: Medication; levothyroxine25: Medication; omeprazole20: Medication; }; liquids: { ...; }; injectables: { ...; }; topicals: { ...; }; multiIngredient: { ...; }; edgeCases: { ...; }; }'.
src/test/data/special-dispenser-cases.ts(831,5): error TS2322: Type '"special-dispenser"' is not assignable to type '"tablet" | "injection" | "topical" | "liquid" | "complex" | "edge-case" | undefined'.
src/test/data/special-dispenser-cases.ts(833,39): error TS2339: Property 'inhalers' does not exist on type '{ tablets: { metformin500: Medication; lisinopril10: Medication; levothyroxine25: Medication; omeprazole20: Medication; }; liquids: { ...; }; injectables: { ...; }; topicals: { ...; }; multiIngredient: { ...; }; edgeCases: { ...; }; }'.
src/test/data/special-dispenser-cases.ts(852,5): error TS2322: Type '"special-dispenser"' is not assignable to type '"tablet" | "injection" | "topical" | "liquid" | "complex" | "edge-case" | undefined'.
src/test/data/special-dispenser-cases.ts(854,39): error TS2339: Property 'inhalers' does not exist on type '{ tablets: { metformin500: Medication; lisinopril10: Medication; levothyroxine25: Medication; omeprazole20: Medication; }; liquids: { ...; }; injectables: { ...; }; topicals: { ...; }; multiIngredient: { ...; }; edgeCases: { ...; }; }'.
src/test/data/special-dispenser-cases.ts(874,5): error TS2322: Type '"special-dispenser"' is not assignable to type '"tablet" | "injection" | "topical" | "liquid" | "complex" | "edge-case" | undefined'.
src/test/data/special-dispenser-cases.ts(876,39): error TS2339: Property 'inhalers' does not exist on type '{ tablets: { metformin500: Medication; lisinopril10: Medication; levothyroxine25: Medication; omeprazole20: Medication; }; liquids: { ...; }; injectables: { ...; }; topicals: { ...; }; multiIngredient: { ...; }; edgeCases: { ...; }; }'.
src/test/data/special-dispenser-cases.ts(894,5): error TS2322: Type '"special-dispenser"' is not assignable to type '"tablet" | "injection" | "topical" | "liquid" | "complex" | "edge-case" | undefined'.
src/test/data/special-dispenser-cases.ts(896,39): error TS2339: Property 'inhalers' does not exist on type '{ tablets: { metformin500: Medication; lisinopril10: Medication; levothyroxine25: Medication; omeprazole20: Medication; }; liquids: { ...; }; injectables: { ...; }; topicals: { ...; }; multiIngredient: { ...; }; edgeCases: { ...; }; }'.
src/test/data/special-dispenser-cases.ts(915,5): error TS2322: Type '"special-dispenser"' is not assignable to type '"tablet" | "injection" | "topical" | "liquid" | "complex" | "edge-case" | undefined'.
src/test/data/special-dispenser-cases.ts(917,39): error TS2339: Property 'inhalers' does not exist on type '{ tablets: { metformin500: Medication; lisinopril10: Medication; levothyroxine25: Medication; omeprazole20: Medication; }; liquids: { ...; }; injectables: { ...; }; topicals: { ...; }; multiIngredient: { ...; }; edgeCases: { ...; }; }'.
src/test/data/special-dispenser-cases.ts(936,5): error TS2322: Type '"special-dispenser"' is not assignable to type '"tablet" | "injection" | "topical" | "liquid" | "complex" | "edge-case" | undefined'.
src/test/data/special-dispenser-cases.ts(938,39): error TS2339: Property 'inhalers' does not exist on type '{ tablets: { metformin500: Medication; lisinopril10: Medication; levothyroxine25: Medication; omeprazole20: Medication; }; liquids: { ...; }; injectables: { ...; }; topicals: { ...; }; multiIngredient: { ...; }; edgeCases: { ...; }; }'.
src/test/data/special-dispenser-cases.ts(957,5): error TS2322: Type '"special-dispenser"' is not assignable to type '"tablet" | "injection" | "topical" | "liquid" | "complex" | "edge-case" | undefined'.
src/test/data/special-dispenser-cases.ts(959,39): error TS2339: Property 'inhalers' does not exist on type '{ tablets: { metformin500: Medication; lisinopril10: Medication; levothyroxine25: Medication; omeprazole20: Medication; }; liquids: { ...; }; injectables: { ...; }; topicals: { ...; }; multiIngredient: { ...; }; edgeCases: { ...; }; }'.
src/test/data/special-dispenser-cases.ts(985,5): error TS2322: Type '"special-dispenser"' is not assignable to type '"tablet" | "injection" | "topical" | "liquid" | "complex" | "edge-case" | undefined'.
src/test/data/special-dispenser-cases.ts(987,39): error TS2339: Property 'nebulizers' does not exist on type '{ tablets: { metformin500: Medication; lisinopril10: Medication; levothyroxine25: Medication; omeprazole20: Medication; }; liquids: { ...; }; injectables: { ...; }; topicals: { ...; }; multiIngredient: { ...; }; edgeCases: { ...; }; }'.
src/test/data/special-dispenser-cases.ts(1006,5): error TS2322: Type '"special-dispenser"' is not assignable to type '"tablet" | "injection" | "topical" | "liquid" | "complex" | "edge-case" | undefined'.
src/test/data/special-dispenser-cases.ts(1008,39): error TS2339: Property 'nebulizers' does not exist on type '{ tablets: { metformin500: Medication; lisinopril10: Medication; levothyroxine25: Medication; omeprazole20: Medication; }; liquids: { ...; }; injectables: { ...; }; topicals: { ...; }; multiIngredient: { ...; }; edgeCases: { ...; }; }'.
src/test/data/special-dispenser-cases.ts(1027,5): error TS2322: Type '"special-dispenser"' is not assignable to type '"tablet" | "injection" | "topical" | "liquid" | "complex" | "edge-case" | undefined'.
src/test/data/special-dispenser-cases.ts(1029,39): error TS2339: Property 'nebulizers' does not exist on type '{ tablets: { metformin500: Medication; lisinopril10: Medication; levothyroxine25: Medication; omeprazole20: Medication; }; liquids: { ...; }; injectables: { ...; }; topicals: { ...; }; multiIngredient: { ...; }; edgeCases: { ...; }; }'.
src/test/data/special-dispenser-cases.ts(1048,5): error TS2322: Type '"special-dispenser"' is not assignable to type '"tablet" | "injection" | "topical" | "liquid" | "complex" | "edge-case" | undefined'.
src/test/data/special-dispenser-cases.ts(1050,39): error TS2339: Property 'nebulizers' does not exist on type '{ tablets: { metformin500: Medication; lisinopril10: Medication; levothyroxine25: Medication; omeprazole20: Medication; }; liquids: { ...; }; injectables: { ...; }; topicals: { ...; }; multiIngredient: { ...; }; edgeCases: { ...; }; }'.
src/test/data/special-dispenser-cases.ts(1069,5): error TS2322: Type '"special-dispenser"' is not assignable to type '"tablet" | "injection" | "topical" | "liquid" | "complex" | "edge-case" | undefined'.
src/test/data/special-dispenser-cases.ts(1071,39): error TS2339: Property 'nebulizers' does not exist on type '{ tablets: { metformin500: Medication; lisinopril10: Medication; levothyroxine25: Medication; omeprazole20: Medication; }; liquids: { ...; }; injectables: { ...; }; topicals: { ...; }; multiIngredient: { ...; }; edgeCases: { ...; }; }'.
src/test/data/special-dispenser-cases.ts(1091,5): error TS2322: Type '"special-dispenser"' is not assignable to type '"tablet" | "injection" | "topical" | "liquid" | "complex" | "edge-case" | undefined'.
src/test/data/special-dispenser-cases.ts(1093,39): error TS2339: Property 'autoInjectors' does not exist on type '{ tablets: { metformin500: Medication; lisinopril10: Medication; levothyroxine25: Medication; omeprazole20: Medication; }; liquids: { ...; }; injectables: { ...; }; topicals: { ...; }; multiIngredient: { ...; }; edgeCases: { ...; }; }'.
src/test/data/special-dispenser-cases.ts(1112,5): error TS2322: Type '"special-dispenser"' is not assignable to type '"tablet" | "injection" | "topical" | "liquid" | "complex" | "edge-case" | undefined'.
src/test/data/special-dispenser-cases.ts(1114,39): error TS2339: Property 'insulinPens' does not exist on type '{ tablets: { metformin500: Medication; lisinopril10: Medication; levothyroxine25: Medication; omeprazole20: Medication; }; liquids: { ...; }; injectables: { ...; }; topicals: { ...; }; multiIngredient: { ...; }; edgeCases: { ...; }; }'.
src/test/data/special-dispenser-cases.ts(1133,5): error TS2322: Type '"special-dispenser"' is not assignable to type '"tablet" | "injection" | "topical" | "liquid" | "complex" | "edge-case" | undefined'.
src/test/data/special-dispenser-cases.ts(1135,39): error TS2339: Property 'patches' does not exist on type '{ tablets: { metformin500: Medication; lisinopril10: Medication; levothyroxine25: Medication; omeprazole20: Medication; }; liquids: { ...; }; injectables: { ...; }; topicals: { ...; }; multiIngredient: { ...; }; edgeCases: { ...; }; }'.
src/test/data/special-dispenser-cases.ts(1154,5): error TS2322: Type '"special-dispenser"' is not assignable to type '"tablet" | "injection" | "topical" | "liquid" | "complex" | "edge-case" | undefined'.
src/test/data/special-dispenser-cases.ts(1156,39): error TS2339: Property 'sublingual' does not exist on type '{ tablets: { metformin500: Medication; lisinopril10: Medication; levothyroxine25: Medication; omeprazole20: Medication; }; liquids: { ...; }; injectables: { ...; }; topicals: { ...; }; multiIngredient: { ...; }; edgeCases: { ...; }; }'.
src/test/data/special-dispenser-cases.ts(1175,5): error TS2322: Type '"special-dispenser"' is not assignable to type '"tablet" | "injection" | "topical" | "liquid" | "complex" | "edge-case" | undefined'.
src/test/data/special-dispenser-cases.ts(1177,39): error TS2339: Property 'suppositories' does not exist on type '{ tablets: { metformin500: Medication; lisinopril10: Medication; levothyroxine25: Medication; omeprazole20: Medication; }; liquids: { ...; }; injectables: { ...; }; topicals: { ...; }; multiIngredient: { ...; }; edgeCases: { ...; }; }'.
src/test/golden-master/clinical-approval.ts(184,5): error TS2322: Type '{ indication: string; patientPopulation: "pediatric"; therapeuticClass: string; dosageRationale: string; routeJustification: string; frequencyRationale: string; specialConsiderations: string[]; }' is not assignable to type '{ indication: string; patientPopulation: "adult"; therapeuticClass: string; dosageRationale: string; routeJustification: string; frequencyRationale: string; }'.
  Types of property 'patientPopulation' are incompatible.
    Type '"pediatric"' is not assignable to type '"adult"'.
src/test/golden-master/clinical-approval.ts(281,15): error TS2339: Property 'specialConsiderations' does not exist on type 'ClinicalContext'.
src/test/golden-master/clinical-approval.ts(282,51): error TS2339: Property 'specialConsiderations' does not exist on type 'ClinicalContext'.
src/test/golden-master/clinical-approval.ts(442,31): error TS2551: Property 'requires-revision' does not exist on type '{ approved: number; pending: number; rejected: number; requiresRevision: number; }'. Did you mean 'requiresRevision'?
src/test/utils/golden-master-runner.ts(163,48): error TS18046: 'error' is of type 'unknown'.
ELIFECYCLE Command failed with exit code 2.
